[debug] [2024-03-23T06:31:45.783Z] ----------------------------------------------------------------------
[debug] [2024-03-23T06:31:45.787Z] Command:       /home/mrbhanuka/.nvm/versions/node/v20.11.1/bin/node /home/mrbhanuka/.nvm/versions/node/v20.11.1/bin/firebase deploy --only hosting:sky24-icas
[debug] [2024-03-23T06:31:45.787Z] CLI Version:   13.5.2
[debug] [2024-03-23T06:31:45.787Z] Platform:      linux
[debug] [2024-03-23T06:31:45.788Z] Node Version:  v20.11.1
[debug] [2024-03-23T06:31:45.788Z] Time:          Sat Mar 23 2024 12:01:45 GMT+0530 (India Standard Time)
[debug] [2024-03-23T06:31:45.788Z] ----------------------------------------------------------------------
[debug] 
[debug] [2024-03-23T06:31:45.791Z] >>> [apiv2][query] GET https://firebase-public.firebaseio.com/cli.json [none]
[debug] [2024-03-23T06:31:46.013Z] > command requires scopes: ["email","openid","https://www.googleapis.com/auth/cloudplatformprojects.readonly","https://www.googleapis.com/auth/firebase","https://www.googleapis.com/auth/cloud-platform"]
[debug] [2024-03-23T06:31:46.014Z] > authorizing via signed-in user (icassky24@gmail.com)
[debug] [2024-03-23T06:31:46.014Z] [iam] checking project sky24-icas-5395c for permissions ["firebase.projects.get","firebasehosting.sites.update"]
[debug] [2024-03-23T06:31:46.016Z] > refreshing access token with scopes: []
[debug] [2024-03-23T06:31:46.018Z] >>> [apiv2][query] POST https://www.googleapis.com/oauth2/v3/token [none]
[debug] [2024-03-23T06:31:46.018Z] >>> [apiv2][body] POST https://www.googleapis.com/oauth2/v3/token [omitted]
[debug] [2024-03-23T06:31:46.369Z] <<< [apiv2][status] POST https://www.googleapis.com/oauth2/v3/token 200
[debug] [2024-03-23T06:31:46.370Z] <<< [apiv2][body] POST https://www.googleapis.com/oauth2/v3/token [omitted]
[debug] [2024-03-23T06:31:46.377Z] >>> [apiv2][query] POST https://cloudresourcemanager.googleapis.com/v1/projects/sky24-icas-5395c:testIamPermissions [none]
[debug] [2024-03-23T06:31:46.377Z] >>> [apiv2][(partial)header] POST https://cloudresourcemanager.googleapis.com/v1/projects/sky24-icas-5395c:testIamPermissions x-goog-quota-user=projects/sky24-icas-5395c
[debug] [2024-03-23T06:31:46.377Z] >>> [apiv2][body] POST https://cloudresourcemanager.googleapis.com/v1/projects/sky24-icas-5395c:testIamPermissions {"permissions":["firebase.projects.get","firebasehosting.sites.update"]}
[debug] [2024-03-23T06:31:46.681Z] <<< [apiv2][status] GET https://firebase-public.firebaseio.com/cli.json 200
[debug] [2024-03-23T06:31:46.681Z] <<< [apiv2][body] GET https://firebase-public.firebaseio.com/cli.json {"cloudBuildErrorAfter":1594252800000,"cloudBuildWarnAfter":1590019200000,"defaultNode10After":1594252800000,"minVersion":"3.0.5","node8DeploysDisabledAfter":1613390400000,"node8RuntimeDisabledAfter":1615809600000,"node8WarnAfter":1600128000000}
[debug] [2024-03-23T06:31:47.696Z] <<< [apiv2][status] POST https://cloudresourcemanager.googleapis.com/v1/projects/sky24-icas-5395c:testIamPermissions 200
[debug] [2024-03-23T06:31:47.696Z] <<< [apiv2][body] POST https://cloudresourcemanager.googleapis.com/v1/projects/sky24-icas-5395c:testIamPermissions {"permissions":["firebase.projects.get","firebasehosting.sites.update"]}
[debug] [2024-03-23T06:31:47.697Z] >>> [apiv2][query] GET https://firebase.googleapis.com/v1beta1/projects/sky24-icas-5395c [none]
[debug] [2024-03-23T06:31:48.475Z] <<< [apiv2][status] GET https://firebase.googleapis.com/v1beta1/projects/sky24-icas-5395c 200
[debug] [2024-03-23T06:31:48.475Z] <<< [apiv2][body] GET https://firebase.googleapis.com/v1beta1/projects/sky24-icas-5395c {"projectId":"sky24-icas-5395c","projectNumber":"863434283378","displayName":"sky24-icas","name":"projects/sky24-icas-5395c","resources":{"hostingSite":"sky24-icas-5395c","storageBucket":"sky24-icas-5395c.appspot.com","locationId":"asia-south1"},"state":"ACTIVE","etag":"1_f1b8f2e1-38bf-4404-9e74-c7723b0cf125"}
[info] 
[info] === Deploying to 'sky24-icas-5395c'...
[info] 
[info] i  deploying hosting 
[debug] [2024-03-23T06:31:48.496Z] >>> [apiv2][query] POST https://firebasehosting.googleapis.com/v1beta1/projects/-/sites/sky24-icas/versions [none]
[debug] [2024-03-23T06:31:48.496Z] >>> [apiv2][body] POST https://firebasehosting.googleapis.com/v1beta1/projects/-/sites/sky24-icas/versions {"status":"CREATED","labels":{"deployment-tool":"cli-firebase"}}
[debug] [2024-03-23T06:31:50.726Z] <<< [apiv2][status] POST https://firebasehosting.googleapis.com/v1beta1/projects/-/sites/sky24-icas/versions 200
[debug] [2024-03-23T06:31:50.727Z] <<< [apiv2][body] POST https://firebasehosting.googleapis.com/v1beta1/projects/-/sites/sky24-icas/versions {"name":"projects/863434283378/sites/sky24-icas/versions/6ecb2811d20b29f7","status":"CREATED","config":{},"labels":{"deployment-tool":"cli-firebase"}}
[info] i  hosting[sky24-icas]: beginning deploy... 
[info] i  hosting[sky24-icas]: found 83 files in out 
[debug] [2024-03-23T06:31:50.768Z] [hosting] uploading with 200 concurrency
[debug] [2024-03-23T06:31:50.922Z] [hosting] hash cache [b3V0] stored for 83 files
[debug] [2024-03-23T06:31:50.922Z] [hosting][hash queue][FINAL] {"max":97,"min":14,"avg":25.048192771084338,"active":0,"complete":83,"success":83,"errored":0,"retried":0,"total":83,"elapsed":131}
[debug] [2024-03-23T06:31:50.922Z] >>> [apiv2][query] POST https://firebasehosting.googleapis.com/v1beta1/projects/863434283378/sites/sky24-icas/versions/6ecb2811d20b29f7:populateFiles [none]
[debug] [2024-03-23T06:31:50.922Z] >>> [apiv2][body] POST https://firebasehosting.googleapis.com/v1beta1/projects/863434283378/sites/sky24-icas/versions/6ecb2811d20b29f7:populateFiles {"files":{"/404.html":"b9d5d6c1cc92ef38dc47e194e959d1674d0a9a242770e6f969c7ad6e71e36629","/favicon-16x16.png":"3610d4ef1992672fa1ac9d516724d7dd949921de2abdd0cec2444ad7bee735ce","/favicon-32x32.png":"466cadecb6bbe96786cc272485047862bd8d786220af0deca683f06b28c95dd4","/googlef477b8688ac465e8.html":"e1663ad8ee200c4feeea4225e0322ba7f5eccdcc0c4cafebbb1ddc0923aacd89","/index.html":"220bee47c77d23f478b8703bf897c09ce6789e2fe0ed77749d1e154e253756b9","/sitemap.xml":"cb2367352a50e4d8c65b19150b4bdb6fb4d07a90991c66e5c942081b9bda9f05","/_next/static/chunks/137.7279ea8ed75d5458.js":"05617e9bbc8e73c58d003a7ec5b13c74e5de6f13c963341acaddd2cca8824ded","/404/index.html":"b9d5d6c1cc92ef38dc47e194e959d1674d0a9a242770e6f969c7ad6e71e36629","/_next/static/chunks/195.77fa07f632dced4b.js":"69d5bb6a00ccfae2e067214f8b72747ea03e4b3a3f3934fbac305aa72b72cd24","/_next/static/chunks/25.b48d37f0c858fad9.js":"b37aa1ebc4367da3c05148c9ec6bf79a84fa42f599013279f0cb79430ce50000","/_next/static/chunks/15.c762239ef4cb919f.js":"ce5504d7c00ca8fcb5053da79e142a6c73b4976b8c7486d8dd229f8ca5f69b2f","/_next/static/chunks/328.32051d739a0b3efd.js":"1069679030f34c00f3dde17b2756100f8fd17474f746bd439b7896c7e0448c8c","/_next/static/chunks/318.f421b5c4030333ba.js":"f6b192172ef1c630257a440522002de99a8c162ac9084185af65f3f20e256fa4","/_next/static/chunks/331.abd963fbbb09a578.js":"396af769228db2b436ad8c09920fc42752d9c1fb4ed24f4fcc3ac2e1874ab82b","/_next/static/chunks/432.4a7c4cc581d270e7.js":"d9e2849a00c48e1912f4c1305ed43d158ab0006bcb69db001c60c5c8eb80771d","/_next/static/chunks/473.1dea0f75798070cb.js":"4fc62ad4f69c2721d00630c566e2d295cbd70d296bd9d4321ab2598be7713cfb","/_next/static/chunks/329.6023d026bfe7170b.js":"e0ba16986c1f809a1151983afcb093072f007fb651aa874053b95f3946251941","/_next/static/chunks/483.1ce23f547495bdef.js":"7b08428aad506c314f1a9ce80a9501239f4ced69f16ded44213c1f59fa724e6e","/_next/static/chunks/519.29114331c634f2fc.js":"dd62740e7aab99de874464a061a803dbc7bcd3555ce2880b997dbab49f94cddb","/_next/static/chunks/616.14f611d304b2cc4f.js":"7bbe6dac0bab64c9582ad1c8451e86db088e031e32c1681ba3613f3ebe52e460","/_next/static/chunks/666.96e142e8d0e67ddf.js":"76943525fb9023bef6b8d4825676c4f8ee68c699c9669f3923e9e4782c4ee868","/favicon.ico":"ed742c9aabde1e713f9de5330ca3b65121a2b27a47c8fbd269c988c1b19d6bdb","/_next/static/chunks/664-bd157c0c144b8096.js":"ce877f9868db99d47f6a2ad87fdb82df44530dea35783bcc74cabd325b6bd425","/_next/static/chunks/770.d05fbdb5ec0635b3.js":"5cc26efac2c90ae584478654ee246d6dfe242f4be8821382fc340cd2daed258f","/_next/static/chunks/504.ba873e5fbef35463.js":"70a659d6f0ea7b9beb33a617acb7f64353342e06d14310c8f32826cc19d95233","/_next/static/chunks/812.6eda3258e277a400.js":"101e00a9c2496274ecb2ba11cfb9948f3028309c338183a74cdeb8f338157a14","/_next/static/chunks/822.773d4250a7f85c91.js":"8bb5e282ccfd3ffa75de08812229da73d53e79e0952f1a34818d87ad536f69ac","/_next/static/chunks/831.c80525797c8a2063.js":"ef56054d47e2678fd1bfec0018d7cd71ea8b9cee4f947f27aa578202d5094042","/_next/static/chunks/837.b314cc876d695fbf.js":"0509dc3ac102e4aec29710c5a021660a5e2b433ae02f1372fb1ef8c8caabe213","/_next/static/chunks/853.199493edd24512f3.js":"77cc3d8a70450424df1594ba862ae1e7a5535bd521537fd37f8c051927961505","/_next/static/chunks/897.5fbb07b420bb4f04.js":"41f00b27aff29bdb3da1cd3e94f0ee8f64dc5f7fadcaa887a2fe178fe374b743","/_next/static/chunks/901.4a0ccc9e82ac5b66.js":"37dda71590573b3cdebbfd7da13f8ff2d90e15be3104069b32a2a73818d2380c","/_next/static/chunks/971.275877b9a954daea.js":"aa417e38a582103683a28cecb0cce17cf863542ef39d90affcf3740ef699b25f","/_next/static/chunks/921-d6a0a15560c14180.js":"14e2d901f6a0e868c915168e19bc316af3345ea1cf7335b36ae7ac01539a23b6","/_next/static/chunks/webpack-781dc3ae86a8b6a3.js":"120bc8d79cd46ea406e65b03ce9d731548f3490f8fe6f14d7fdf7ce9eb54fec5","/_next/static/chunks/pages/_app-b3dcbf033dbeed4d.js":"3f17833e780e360103918729e78f5b736be936fb200a1e14ab4e663ca3087daa","/_next/static/chunks/pages/404-5fd34aedf9c36f9a.js":"3abd2f4910dddc6a2bebd0b0bc12e02e64838f0af6f05017d1c842edb9436cad","/_next/static/chunks/pages/_error-5a00309fd5f4b49e.js":"84a7575d44a885d9b6af97c69ae9263093627951c858bf47a93b146a65a4fa42","/_next/static/chunks/pages/register-f1f0ac6877b44a41.js":"1e3e3d5a9ef30fde0a7490a6b77b8d29ec6f57cf83c4ae684d17332b6bda52e6","/_next/static/chunks/pages/index-febc8cf59405cc4a.js":"fd89aefd940e5ae58009faf42aa5c85a6ce36767ab2654c386d5544f6f85fe92","/apple-touch-icon.png":"89b8fbae3e9085a057458a2ae0520b88c4e1f0849a5086528710223708bd156f","/_next/static/chunks/868-9e3d309c247a83f6.js":"43cc0b4725622f48c7e5e86dda0251cba60bada757f14f7313ca4036eca22118","/_next/static/chunks/main-21dfa716340e2dcc.js":"01ecc04e8891c005bdcfd97329df14a15ac38dada171abe41caff91f1ce67f78","/android-chrome-192x192.png":"ab40b6bf4f7ff1bd52a0364734adbd32c24db14a44ead02593f7231b3af07e77","/_next/static/chunks/pages/rules-3dd50e4b0935b19e.js":"059db16172a2d311083a36143cb3c2b4b3341f74e23db2c4bd5dd9aeb2714e0e","/_next/static/chunks/polyfills-c67a75d1b6f99dc8.js":"d3a6edbff782d89da856e15ad5c85139ea50f0ea4184d27fd9b0d8f798c76103","/_next/static/chunks/pages/wtfadmin-04823586e9f21b99.js":"84207fa98fb1a1119d7fa71053999a68a30fd4e80ee959b5e0161ebb568e36a6","/_next/static/css/1552a79e344e7b79.css":"784dfbb3e55ce09de471893aa66748511a29d031c272bdc30a3b715fbf058987","/_next/static/chunks/pages/round/[id]-42786312aa41093a.js":"783f28a96e04ffc89a913f800a1c7bc3c0724cc88d14e4fd882cdd0a5c09b022","/_next/static/css/53bd5cdc9c97feea.css":"9399726dfbc01f4f4fbe6c51c0809d1456e3a577ed561749e85af06fab5d3489","/_next/static/css/6c5b51979c038287.css":"34257cc7fb0b87d227d1c0bc2065144658065287d911c0ba5a498d702438e589","/_next/static/css/84d68674a29262b5.css":"8d5554b85fff04eb2f2c076ca73484d0b28a0f76ee7ebd06897bb19c731f7e9a","/_next/static/css/8e7d2c7b3b95a2b1.css":"1e8c23419e35bad0d5e792b84f00b09cb3642563cbc08be0d4adfb5eacf9c884","/_next/static/css/b59e42401433e6b2.css":"deff4aa19a8543fa91bb1e0b7972ed82da628bf38c7d7757f3740998b41ec1e5","/_next/static/css/85774491aadc1638.css":"500d9c6ef566cb75c67003706dd2bb47213e40f912a415cbc8a211584427c82e","/_next/static/css/d9787e873eafc75f.css":"ecb7b6e3bc9bd13f413de2406fd397195bd6da0921923f1f8653b4c91307915c","/_next/static/css/f0a6b75c084319a5.css":"183ecdcf752ea10a74a61d7921452ecceeea21a9e0f23609da47183694c8ae19","/_next/static/css/e97483da398bd8e5.css":"52d2b1096ef3ea7a74b90d5186686ff2d887f57fc8718383e905172722219b20","/_next/static/chunks/773-842382a313ee5a0e.js":"101d2b7a7691f591523e6639c3f7ab6cadd393142523c9b14656ec42123325e2","/_next/static/stQcblBteXJJ5qgHXpnTV/_buildManifest.js":"99176c771d494dee6e8b9fbe05d74caa2ba3e4766b3d68dac3738ba7c2bc0d1f","/_next/static/stQcblBteXJJ5qgHXpnTV/_ssgManifest.js":"b53c525f4762ee2d2ca548237660b471aa72821fccc1de0e8b931178b81e10d4","/assets/sicons/facebook.png":"fdf124fb819d993d1b653394b2792ace51a05f922090ae86d09c88a5145d9904","/register/index.html":"6c563f04a3930b906cead46df82715bdd80d7ee56a5867bf631103c26cbb1e8c","/round/[id]/index.html":"f083150e09e1c658bd8145481abacd83905a61f2493fadaee8bc0bb0a8403b02","/assets/sicons/instgram.png":"22bc5c09501a34f855e123a134a8753d9d0e44548702ca56b24c2ed01a6781b9","/rules/english.md":"3785ef51208ae2cc509d93d8bff832711a63bdd8529baf44bd989095651cdf28","/rules/sinhala.md":"d1a23ea6482dc79368db88498069d5d96360db30ee9a2d9d9848a520d3d07046","/assets/sicons/youtube.png":"43651e7a7c9e9d81ec00dd7989403ef8728451ac3c3bfe88ce09288f29cd6955","/rules/index.html":"6b8c962fdf9bac0f214eb39df7614af2f96380c962c83c5aa82b36c3c3af91b6","/rules/tamil.md":"5e07f8968a7efea0f13c5377f558081995481cfc181a792a56ce34c0d980b452","/wtfadmin/index.html":"d34bd58e9854f8e212d25c3a5b2675c65c009998003081deafe9ac759d8e318c","/_next/static/media/6222c7604105af7a-s.p.woff2":"f1e03cd818c9e746a0ae3c5440d754aac07ffb0aad7aa11c9aaefd39e0dc50e6","/_next/static/media/086c0574cd748207-s.p.woff2":"6fbbd03a8935dae89c1c4a5582b8882610090805a374b513ac5e61e723226da1","/_next/static/media/865070214cc48c0f-s.p.woff2":"33ff9c985fdfe0e94902f2e7a041eaba8b926ef064320bb5271a934518063aa7","/_next/static/chunks/framework-5429a50ba5373c56.js":"55a999c9073b8cc85f4f2be5353ef97136c82b163c88eca564c66b2f825775f2","/_next/static/chunks/7112840a-61957764457d715d.js":"e6dbc07ebb4db224b9f027eb4787841c29e1bf0313b4b2bbb2b8b7f4a1ea1d66","/assets/Particals.png":"ef3857261953799fd0fe7459a08df50ce97b75091a47e3c3878bede9012ac826","/assets/School-Logo.png":"637870534374fe39d02ed9cf1415ee5632648e553372f23e899fc20d8e20f445","/android-chrome-512x512.png":"c18b909753de2105767e9309d7ef2e8fabeeae99f0c5317577a64d8556fee96c","/assets/Bg-Top.png":"a314768d147869ae7d0948c653814e981ddfa51477cc5d41ecfa0879c4d43706","/favicon.png":"f38f6826f538e734fb769534490ea30df9e48951fc0f854ddb4316e63e76a6cc","/assets/Bg-Bottom.png":"4113ee12962df5d4b64afb1ba2032408c3053a5e8bcb6d125b22d960f747cf51","/assets/Sky Logo.png":"59297500650820732b0cd1e6b8875b251169809f7f7760e8a03905188f02509e"}}
[debug] [2024-03-23T06:31:51.497Z] <<< [apiv2][status] POST https://firebasehosting.googleapis.com/v1beta1/projects/863434283378/sites/sky24-icas/versions/6ecb2811d20b29f7:populateFiles 200
[debug] [2024-03-23T06:31:51.497Z] <<< [apiv2][body] POST https://firebasehosting.googleapis.com/v1beta1/projects/863434283378/sites/sky24-icas/versions/6ecb2811d20b29f7:populateFiles {"uploadRequiredHashes":["aa417e38a582103683a28cecb0cce17cf863542ef39d90affcf3740ef699b25f","99176c771d494dee6e8b9fbe05d74caa2ba3e4766b3d68dac3738ba7c2bc0d1f","b9d5d6c1cc92ef38dc47e194e959d1674d0a9a242770e6f969c7ad6e71e36629","783f28a96e04ffc89a913f800a1c7bc3c0724cc88d14e4fd882cdd0a5c09b022","4fc62ad4f69c2721d00630c566e2d295cbd70d296bd9d4321ab2598be7713cfb","1069679030f34c00f3dde17b2756100f8fd17474f746bd439b7896c7e0448c8c","43cc0b4725622f48c7e5e86dda0251cba60bada757f14f7313ca4036eca22118","e6dbc07ebb4db224b9f027eb4787841c29e1bf0313b4b2bbb2b8b7f4a1ea1d66","69d5bb6a00ccfae2e067214f8b72747ea03e4b3a3f3934fbac305aa72b72cd24","6b8c962fdf9bac0f214eb39df7614af2f96380c962c83c5aa82b36c3c3af91b6","76943525fb9023bef6b8d4825676c4f8ee68c699c9669f3923e9e4782c4ee868","84207fa98fb1a1119d7fa71053999a68a30fd4e80ee959b5e0161ebb568e36a6","34257cc7fb0b87d227d1c0bc2065144658065287d911c0ba5a498d702438e589","784dfbb3e55ce09de471893aa66748511a29d031c272bdc30a3b715fbf058987","d9e2849a00c48e1912f4c1305ed43d158ab0006bcb69db001c60c5c8eb80771d","9399726dfbc01f4f4fbe6c51c0809d1456e3a577ed561749e85af06fab5d3489","37dda71590573b3cdebbfd7da13f8ff2d90e15be3104069b32a2a73818d2380c","220bee47c77d23f478b8703bf897c09ce6789e2fe0ed77749d1e154e253756b9","101e00a9c2496274ecb2ba11cfb9948f3028309c338183a74cdeb8f338157a14","6c563f04a3930b906cead46df82715bdd80d7ee56a5867bf631103c26cbb1e8c","059db16172a2d311083a36143cb3c2b4b3341f74e23db2c4bd5dd9aeb2714e0e","fd89aefd940e5ae58009faf42aa5c85a6ce36767ab2654c386d5544f6f85fe92","d34bd58e9854f8e212d25c3a5b2675c65c009998003081deafe9ac759d8e318c","8d5554b85fff04eb2f2c076ca73484d0b28a0f76ee7ebd06897bb19c731f7e9a","dd62740e7aab99de874464a061a803dbc7bcd3555ce2880b997dbab49f94cddb","e0ba16986c1f809a1151983afcb093072f007fb651aa874053b95f3946251941","183ecdcf752ea10a74a61d7921452ecceeea21a9e0f23609da47183694c8ae19","1e3e3d5a9ef30fde0a7490a6b77b8d29ec6f57cf83c4ae684d17332b6bda52e6","8bb5e282ccfd3ffa75de08812229da73d53e79e0952f1a34818d87ad536f69ac","f083150e09e1c658bd8145481abacd83905a61f2493fadaee8bc0bb0a8403b02","ce5504d7c00ca8fcb5053da79e142a6c73b4976b8c7486d8dd229f8ca5f69b2f","deff4aa19a8543fa91bb1e0b7972ed82da628bf38c7d7757f3740998b41ec1e5","120bc8d79cd46ea406e65b03ce9d731548f3490f8fe6f14d7fdf7ce9eb54fec5","70a659d6f0ea7b9beb33a617acb7f64353342e06d14310c8f32826cc19d95233"],"uploadUrl":"https://upload-firebasehosting.googleapis.com/upload/sites/sky24-icas/versions/6ecb2811d20b29f7/files"}
[debug] [2024-03-23T06:31:51.500Z] >>> [apiv2][query] POST https://upload-firebasehosting.googleapis.com/upload/sites/sky24-icas/versions/6ecb2811d20b29f7/files/aa417e38a582103683a28cecb0cce17cf863542ef39d90affcf3740ef699b25f [none]
[debug] [2024-03-23T06:31:51.500Z] >>> [apiv2][body] POST https://upload-firebasehosting.googleapis.com/upload/sites/sky24-icas/versions/6ecb2811d20b29f7/files/aa417e38a582103683a28cecb0cce17cf863542ef39d90affcf3740ef699b25f [stream]
[debug] [2024-03-23T06:31:51.501Z] >>> [apiv2][query] POST https://upload-firebasehosting.googleapis.com/upload/sites/sky24-icas/versions/6ecb2811d20b29f7/files/99176c771d494dee6e8b9fbe05d74caa2ba3e4766b3d68dac3738ba7c2bc0d1f [none]
[debug] [2024-03-23T06:31:51.501Z] >>> [apiv2][body] POST https://upload-firebasehosting.googleapis.com/upload/sites/sky24-icas/versions/6ecb2811d20b29f7/files/99176c771d494dee6e8b9fbe05d74caa2ba3e4766b3d68dac3738ba7c2bc0d1f [stream]
[debug] [2024-03-23T06:31:51.502Z] >>> [apiv2][query] POST https://upload-firebasehosting.googleapis.com/upload/sites/sky24-icas/versions/6ecb2811d20b29f7/files/b9d5d6c1cc92ef38dc47e194e959d1674d0a9a242770e6f969c7ad6e71e36629 [none]
[debug] [2024-03-23T06:31:51.502Z] >>> [apiv2][body] POST https://upload-firebasehosting.googleapis.com/upload/sites/sky24-icas/versions/6ecb2811d20b29f7/files/b9d5d6c1cc92ef38dc47e194e959d1674d0a9a242770e6f969c7ad6e71e36629 [stream]
[debug] [2024-03-23T06:31:51.503Z] >>> [apiv2][query] POST https://upload-firebasehosting.googleapis.com/upload/sites/sky24-icas/versions/6ecb2811d20b29f7/files/783f28a96e04ffc89a913f800a1c7bc3c0724cc88d14e4fd882cdd0a5c09b022 [none]
[debug] [2024-03-23T06:31:51.503Z] >>> [apiv2][body] POST https://upload-firebasehosting.googleapis.com/upload/sites/sky24-icas/versions/6ecb2811d20b29f7/files/783f28a96e04ffc89a913f800a1c7bc3c0724cc88d14e4fd882cdd0a5c09b022 [stream]
[debug] [2024-03-23T06:31:51.504Z] >>> [apiv2][query] POST https://upload-firebasehosting.googleapis.com/upload/sites/sky24-icas/versions/6ecb2811d20b29f7/files/4fc62ad4f69c2721d00630c566e2d295cbd70d296bd9d4321ab2598be7713cfb [none]
[debug] [2024-03-23T06:31:51.504Z] >>> [apiv2][body] POST https://upload-firebasehosting.googleapis.com/upload/sites/sky24-icas/versions/6ecb2811d20b29f7/files/4fc62ad4f69c2721d00630c566e2d295cbd70d296bd9d4321ab2598be7713cfb [stream]
[debug] [2024-03-23T06:31:51.505Z] >>> [apiv2][query] POST https://upload-firebasehosting.googleapis.com/upload/sites/sky24-icas/versions/6ecb2811d20b29f7/files/1069679030f34c00f3dde17b2756100f8fd17474f746bd439b7896c7e0448c8c [none]
[debug] [2024-03-23T06:31:51.505Z] >>> [apiv2][body] POST https://upload-firebasehosting.googleapis.com/upload/sites/sky24-icas/versions/6ecb2811d20b29f7/files/1069679030f34c00f3dde17b2756100f8fd17474f746bd439b7896c7e0448c8c [stream]
[debug] [2024-03-23T06:31:51.506Z] >>> [apiv2][query] POST https://upload-firebasehosting.googleapis.com/upload/sites/sky24-icas/versions/6ecb2811d20b29f7/files/43cc0b4725622f48c7e5e86dda0251cba60bada757f14f7313ca4036eca22118 [none]
[debug] [2024-03-23T06:31:51.506Z] >>> [apiv2][body] POST https://upload-firebasehosting.googleapis.com/upload/sites/sky24-icas/versions/6ecb2811d20b29f7/files/43cc0b4725622f48c7e5e86dda0251cba60bada757f14f7313ca4036eca22118 [stream]
[debug] [2024-03-23T06:31:51.507Z] >>> [apiv2][query] POST https://upload-firebasehosting.googleapis.com/upload/sites/sky24-icas/versions/6ecb2811d20b29f7/files/e6dbc07ebb4db224b9f027eb4787841c29e1bf0313b4b2bbb2b8b7f4a1ea1d66 [none]
[debug] [2024-03-23T06:31:51.507Z] >>> [apiv2][body] POST https://upload-firebasehosting.googleapis.com/upload/sites/sky24-icas/versions/6ecb2811d20b29f7/files/e6dbc07ebb4db224b9f027eb4787841c29e1bf0313b4b2bbb2b8b7f4a1ea1d66 [stream]
[debug] [2024-03-23T06:31:51.508Z] >>> [apiv2][query] POST https://upload-firebasehosting.googleapis.com/upload/sites/sky24-icas/versions/6ecb2811d20b29f7/files/69d5bb6a00ccfae2e067214f8b72747ea03e4b3a3f3934fbac305aa72b72cd24 [none]
[debug] [2024-03-23T06:31:51.508Z] >>> [apiv2][body] POST https://upload-firebasehosting.googleapis.com/upload/sites/sky24-icas/versions/6ecb2811d20b29f7/files/69d5bb6a00ccfae2e067214f8b72747ea03e4b3a3f3934fbac305aa72b72cd24 [stream]
[debug] [2024-03-23T06:31:51.509Z] >>> [apiv2][query] POST https://upload-firebasehosting.googleapis.com/upload/sites/sky24-icas/versions/6ecb2811d20b29f7/files/6b8c962fdf9bac0f214eb39df7614af2f96380c962c83c5aa82b36c3c3af91b6 [none]
[debug] [2024-03-23T06:31:51.509Z] >>> [apiv2][body] POST https://upload-firebasehosting.googleapis.com/upload/sites/sky24-icas/versions/6ecb2811d20b29f7/files/6b8c962fdf9bac0f214eb39df7614af2f96380c962c83c5aa82b36c3c3af91b6 [stream]
[debug] [2024-03-23T06:31:51.509Z] >>> [apiv2][query] POST https://upload-firebasehosting.googleapis.com/upload/sites/sky24-icas/versions/6ecb2811d20b29f7/files/76943525fb9023bef6b8d4825676c4f8ee68c699c9669f3923e9e4782c4ee868 [none]
[debug] [2024-03-23T06:31:51.509Z] >>> [apiv2][body] POST https://upload-firebasehosting.googleapis.com/upload/sites/sky24-icas/versions/6ecb2811d20b29f7/files/76943525fb9023bef6b8d4825676c4f8ee68c699c9669f3923e9e4782c4ee868 [stream]
[debug] [2024-03-23T06:31:51.510Z] >>> [apiv2][query] POST https://upload-firebasehosting.googleapis.com/upload/sites/sky24-icas/versions/6ecb2811d20b29f7/files/84207fa98fb1a1119d7fa71053999a68a30fd4e80ee959b5e0161ebb568e36a6 [none]
[debug] [2024-03-23T06:31:51.510Z] >>> [apiv2][body] POST https://upload-firebasehosting.googleapis.com/upload/sites/sky24-icas/versions/6ecb2811d20b29f7/files/84207fa98fb1a1119d7fa71053999a68a30fd4e80ee959b5e0161ebb568e36a6 [stream]
[debug] [2024-03-23T06:31:51.511Z] >>> [apiv2][query] POST https://upload-firebasehosting.googleapis.com/upload/sites/sky24-icas/versions/6ecb2811d20b29f7/files/34257cc7fb0b87d227d1c0bc2065144658065287d911c0ba5a498d702438e589 [none]
[debug] [2024-03-23T06:31:51.511Z] >>> [apiv2][body] POST https://upload-firebasehosting.googleapis.com/upload/sites/sky24-icas/versions/6ecb2811d20b29f7/files/34257cc7fb0b87d227d1c0bc2065144658065287d911c0ba5a498d702438e589 [stream]
[debug] [2024-03-23T06:31:51.512Z] >>> [apiv2][query] POST https://upload-firebasehosting.googleapis.com/upload/sites/sky24-icas/versions/6ecb2811d20b29f7/files/784dfbb3e55ce09de471893aa66748511a29d031c272bdc30a3b715fbf058987 [none]
[debug] [2024-03-23T06:31:51.512Z] >>> [apiv2][body] POST https://upload-firebasehosting.googleapis.com/upload/sites/sky24-icas/versions/6ecb2811d20b29f7/files/784dfbb3e55ce09de471893aa66748511a29d031c272bdc30a3b715fbf058987 [stream]
[debug] [2024-03-23T06:31:51.513Z] >>> [apiv2][query] POST https://upload-firebasehosting.googleapis.com/upload/sites/sky24-icas/versions/6ecb2811d20b29f7/files/d9e2849a00c48e1912f4c1305ed43d158ab0006bcb69db001c60c5c8eb80771d [none]
[debug] [2024-03-23T06:31:51.513Z] >>> [apiv2][body] POST https://upload-firebasehosting.googleapis.com/upload/sites/sky24-icas/versions/6ecb2811d20b29f7/files/d9e2849a00c48e1912f4c1305ed43d158ab0006bcb69db001c60c5c8eb80771d [stream]
[debug] [2024-03-23T06:31:51.514Z] >>> [apiv2][query] POST https://upload-firebasehosting.googleapis.com/upload/sites/sky24-icas/versions/6ecb2811d20b29f7/files/9399726dfbc01f4f4fbe6c51c0809d1456e3a577ed561749e85af06fab5d3489 [none]
[debug] [2024-03-23T06:31:51.514Z] >>> [apiv2][body] POST https://upload-firebasehosting.googleapis.com/upload/sites/sky24-icas/versions/6ecb2811d20b29f7/files/9399726dfbc01f4f4fbe6c51c0809d1456e3a577ed561749e85af06fab5d3489 [stream]
[debug] [2024-03-23T06:31:51.514Z] >>> [apiv2][query] POST https://upload-firebasehosting.googleapis.com/upload/sites/sky24-icas/versions/6ecb2811d20b29f7/files/37dda71590573b3cdebbfd7da13f8ff2d90e15be3104069b32a2a73818d2380c [none]
[debug] [2024-03-23T06:31:51.515Z] >>> [apiv2][body] POST https://upload-firebasehosting.googleapis.com/upload/sites/sky24-icas/versions/6ecb2811d20b29f7/files/37dda71590573b3cdebbfd7da13f8ff2d90e15be3104069b32a2a73818d2380c [stream]
[debug] [2024-03-23T06:31:51.515Z] >>> [apiv2][query] POST https://upload-firebasehosting.googleapis.com/upload/sites/sky24-icas/versions/6ecb2811d20b29f7/files/220bee47c77d23f478b8703bf897c09ce6789e2fe0ed77749d1e154e253756b9 [none]
[debug] [2024-03-23T06:31:51.515Z] >>> [apiv2][body] POST https://upload-firebasehosting.googleapis.com/upload/sites/sky24-icas/versions/6ecb2811d20b29f7/files/220bee47c77d23f478b8703bf897c09ce6789e2fe0ed77749d1e154e253756b9 [stream]
[debug] [2024-03-23T06:31:51.516Z] >>> [apiv2][query] POST https://upload-firebasehosting.googleapis.com/upload/sites/sky24-icas/versions/6ecb2811d20b29f7/files/101e00a9c2496274ecb2ba11cfb9948f3028309c338183a74cdeb8f338157a14 [none]
[debug] [2024-03-23T06:31:51.516Z] >>> [apiv2][body] POST https://upload-firebasehosting.googleapis.com/upload/sites/sky24-icas/versions/6ecb2811d20b29f7/files/101e00a9c2496274ecb2ba11cfb9948f3028309c338183a74cdeb8f338157a14 [stream]
[debug] [2024-03-23T06:31:51.517Z] >>> [apiv2][query] POST https://upload-firebasehosting.googleapis.com/upload/sites/sky24-icas/versions/6ecb2811d20b29f7/files/6c563f04a3930b906cead46df82715bdd80d7ee56a5867bf631103c26cbb1e8c [none]
[debug] [2024-03-23T06:31:51.517Z] >>> [apiv2][body] POST https://upload-firebasehosting.googleapis.com/upload/sites/sky24-icas/versions/6ecb2811d20b29f7/files/6c563f04a3930b906cead46df82715bdd80d7ee56a5867bf631103c26cbb1e8c [stream]
[debug] [2024-03-23T06:31:51.517Z] >>> [apiv2][query] POST https://upload-firebasehosting.googleapis.com/upload/sites/sky24-icas/versions/6ecb2811d20b29f7/files/059db16172a2d311083a36143cb3c2b4b3341f74e23db2c4bd5dd9aeb2714e0e [none]
[debug] [2024-03-23T06:31:51.517Z] >>> [apiv2][body] POST https://upload-firebasehosting.googleapis.com/upload/sites/sky24-icas/versions/6ecb2811d20b29f7/files/059db16172a2d311083a36143cb3c2b4b3341f74e23db2c4bd5dd9aeb2714e0e [stream]
[debug] [2024-03-23T06:31:51.518Z] >>> [apiv2][query] POST https://upload-firebasehosting.googleapis.com/upload/sites/sky24-icas/versions/6ecb2811d20b29f7/files/fd89aefd940e5ae58009faf42aa5c85a6ce36767ab2654c386d5544f6f85fe92 [none]
[debug] [2024-03-23T06:31:51.518Z] >>> [apiv2][body] POST https://upload-firebasehosting.googleapis.com/upload/sites/sky24-icas/versions/6ecb2811d20b29f7/files/fd89aefd940e5ae58009faf42aa5c85a6ce36767ab2654c386d5544f6f85fe92 [stream]
[debug] [2024-03-23T06:31:51.519Z] >>> [apiv2][query] POST https://upload-firebasehosting.googleapis.com/upload/sites/sky24-icas/versions/6ecb2811d20b29f7/files/d34bd58e9854f8e212d25c3a5b2675c65c009998003081deafe9ac759d8e318c [none]
[debug] [2024-03-23T06:31:51.519Z] >>> [apiv2][body] POST https://upload-firebasehosting.googleapis.com/upload/sites/sky24-icas/versions/6ecb2811d20b29f7/files/d34bd58e9854f8e212d25c3a5b2675c65c009998003081deafe9ac759d8e318c [stream]
[debug] [2024-03-23T06:31:51.519Z] >>> [apiv2][query] POST https://upload-firebasehosting.googleapis.com/upload/sites/sky24-icas/versions/6ecb2811d20b29f7/files/8d5554b85fff04eb2f2c076ca73484d0b28a0f76ee7ebd06897bb19c731f7e9a [none]
[debug] [2024-03-23T06:31:51.519Z] >>> [apiv2][body] POST https://upload-firebasehosting.googleapis.com/upload/sites/sky24-icas/versions/6ecb2811d20b29f7/files/8d5554b85fff04eb2f2c076ca73484d0b28a0f76ee7ebd06897bb19c731f7e9a [stream]
[debug] [2024-03-23T06:31:51.520Z] >>> [apiv2][query] POST https://upload-firebasehosting.googleapis.com/upload/sites/sky24-icas/versions/6ecb2811d20b29f7/files/dd62740e7aab99de874464a061a803dbc7bcd3555ce2880b997dbab49f94cddb [none]
[debug] [2024-03-23T06:31:51.520Z] >>> [apiv2][body] POST https://upload-firebasehosting.googleapis.com/upload/sites/sky24-icas/versions/6ecb2811d20b29f7/files/dd62740e7aab99de874464a061a803dbc7bcd3555ce2880b997dbab49f94cddb [stream]
[debug] [2024-03-23T06:31:51.521Z] >>> [apiv2][query] POST https://upload-firebasehosting.googleapis.com/upload/sites/sky24-icas/versions/6ecb2811d20b29f7/files/e0ba16986c1f809a1151983afcb093072f007fb651aa874053b95f3946251941 [none]
[debug] [2024-03-23T06:31:51.521Z] >>> [apiv2][body] POST https://upload-firebasehosting.googleapis.com/upload/sites/sky24-icas/versions/6ecb2811d20b29f7/files/e0ba16986c1f809a1151983afcb093072f007fb651aa874053b95f3946251941 [stream]
[debug] [2024-03-23T06:31:51.522Z] >>> [apiv2][query] POST https://upload-firebasehosting.googleapis.com/upload/sites/sky24-icas/versions/6ecb2811d20b29f7/files/183ecdcf752ea10a74a61d7921452ecceeea21a9e0f23609da47183694c8ae19 [none]
[debug] [2024-03-23T06:31:51.522Z] >>> [apiv2][body] POST https://upload-firebasehosting.googleapis.com/upload/sites/sky24-icas/versions/6ecb2811d20b29f7/files/183ecdcf752ea10a74a61d7921452ecceeea21a9e0f23609da47183694c8ae19 [stream]
[debug] [2024-03-23T06:31:51.523Z] >>> [apiv2][query] POST https://upload-firebasehosting.googleapis.com/upload/sites/sky24-icas/versions/6ecb2811d20b29f7/files/1e3e3d5a9ef30fde0a7490a6b77b8d29ec6f57cf83c4ae684d17332b6bda52e6 [none]
[debug] [2024-03-23T06:31:51.523Z] >>> [apiv2][body] POST https://upload-firebasehosting.googleapis.com/upload/sites/sky24-icas/versions/6ecb2811d20b29f7/files/1e3e3d5a9ef30fde0a7490a6b77b8d29ec6f57cf83c4ae684d17332b6bda52e6 [stream]
[debug] [2024-03-23T06:31:51.524Z] >>> [apiv2][query] POST https://upload-firebasehosting.googleapis.com/upload/sites/sky24-icas/versions/6ecb2811d20b29f7/files/8bb5e282ccfd3ffa75de08812229da73d53e79e0952f1a34818d87ad536f69ac [none]
[debug] [2024-03-23T06:31:51.524Z] >>> [apiv2][body] POST https://upload-firebasehosting.googleapis.com/upload/sites/sky24-icas/versions/6ecb2811d20b29f7/files/8bb5e282ccfd3ffa75de08812229da73d53e79e0952f1a34818d87ad536f69ac [stream]
[debug] [2024-03-23T06:31:51.525Z] >>> [apiv2][query] POST https://upload-firebasehosting.googleapis.com/upload/sites/sky24-icas/versions/6ecb2811d20b29f7/files/f083150e09e1c658bd8145481abacd83905a61f2493fadaee8bc0bb0a8403b02 [none]
[debug] [2024-03-23T06:31:51.525Z] >>> [apiv2][body] POST https://upload-firebasehosting.googleapis.com/upload/sites/sky24-icas/versions/6ecb2811d20b29f7/files/f083150e09e1c658bd8145481abacd83905a61f2493fadaee8bc0bb0a8403b02 [stream]
[debug] [2024-03-23T06:31:51.526Z] >>> [apiv2][query] POST https://upload-firebasehosting.googleapis.com/upload/sites/sky24-icas/versions/6ecb2811d20b29f7/files/ce5504d7c00ca8fcb5053da79e142a6c73b4976b8c7486d8dd229f8ca5f69b2f [none]
[debug] [2024-03-23T06:31:51.526Z] >>> [apiv2][body] POST https://upload-firebasehosting.googleapis.com/upload/sites/sky24-icas/versions/6ecb2811d20b29f7/files/ce5504d7c00ca8fcb5053da79e142a6c73b4976b8c7486d8dd229f8ca5f69b2f [stream]
[debug] [2024-03-23T06:31:51.527Z] >>> [apiv2][query] POST https://upload-firebasehosting.googleapis.com/upload/sites/sky24-icas/versions/6ecb2811d20b29f7/files/deff4aa19a8543fa91bb1e0b7972ed82da628bf38c7d7757f3740998b41ec1e5 [none]
[debug] [2024-03-23T06:31:51.527Z] >>> [apiv2][body] POST https://upload-firebasehosting.googleapis.com/upload/sites/sky24-icas/versions/6ecb2811d20b29f7/files/deff4aa19a8543fa91bb1e0b7972ed82da628bf38c7d7757f3740998b41ec1e5 [stream]
[debug] [2024-03-23T06:31:51.528Z] >>> [apiv2][query] POST https://upload-firebasehosting.googleapis.com/upload/sites/sky24-icas/versions/6ecb2811d20b29f7/files/120bc8d79cd46ea406e65b03ce9d731548f3490f8fe6f14d7fdf7ce9eb54fec5 [none]
[debug] [2024-03-23T06:31:51.529Z] >>> [apiv2][body] POST https://upload-firebasehosting.googleapis.com/upload/sites/sky24-icas/versions/6ecb2811d20b29f7/files/120bc8d79cd46ea406e65b03ce9d731548f3490f8fe6f14d7fdf7ce9eb54fec5 [stream]
[debug] [2024-03-23T06:31:51.529Z] >>> [apiv2][query] POST https://upload-firebasehosting.googleapis.com/upload/sites/sky24-icas/versions/6ecb2811d20b29f7/files/70a659d6f0ea7b9beb33a617acb7f64353342e06d14310c8f32826cc19d95233 [none]
[debug] [2024-03-23T06:31:51.530Z] >>> [apiv2][body] POST https://upload-firebasehosting.googleapis.com/upload/sites/sky24-icas/versions/6ecb2811d20b29f7/files/70a659d6f0ea7b9beb33a617acb7f64353342e06d14310c8f32826cc19d95233 [stream]
[debug] [2024-03-23T06:31:51.531Z] [hosting][populate queue][FINAL] {"max":579,"min":579,"avg":579,"active":0,"complete":1,"success":1,"errored":0,"retried":0,"total":1,"elapsed":610}
[debug] [2024-03-23T06:31:51.531Z] [hosting] uploads queued: 34
[debug] [2024-03-23T06:31:53.076Z] <<< [apiv2][status] POST https://upload-firebasehosting.googleapis.com/upload/sites/sky24-icas/versions/6ecb2811d20b29f7/files/059db16172a2d311083a36143cb3c2b4b3341f74e23db2c4bd5dd9aeb2714e0e 200
[debug] [2024-03-23T06:31:53.076Z] <<< [apiv2][body] POST https://upload-firebasehosting.googleapis.com/upload/sites/sky24-icas/versions/6ecb2811d20b29f7/files/059db16172a2d311083a36143cb3c2b4b3341f74e23db2c4bd5dd9aeb2714e0e [stream]
[debug] [2024-03-23T06:31:53.079Z] <<< [apiv2][status] POST https://upload-firebasehosting.googleapis.com/upload/sites/sky24-icas/versions/6ecb2811d20b29f7/files/aa417e38a582103683a28cecb0cce17cf863542ef39d90affcf3740ef699b25f 200
[debug] [2024-03-23T06:31:53.079Z] <<< [apiv2][body] POST https://upload-firebasehosting.googleapis.com/upload/sites/sky24-icas/versions/6ecb2811d20b29f7/files/aa417e38a582103683a28cecb0cce17cf863542ef39d90affcf3740ef699b25f [stream]
[debug] [2024-03-23T06:31:53.082Z] <<< [apiv2][status] POST https://upload-firebasehosting.googleapis.com/upload/sites/sky24-icas/versions/6ecb2811d20b29f7/files/4fc62ad4f69c2721d00630c566e2d295cbd70d296bd9d4321ab2598be7713cfb 200
[debug] [2024-03-23T06:31:53.082Z] <<< [apiv2][body] POST https://upload-firebasehosting.googleapis.com/upload/sites/sky24-icas/versions/6ecb2811d20b29f7/files/4fc62ad4f69c2721d00630c566e2d295cbd70d296bd9d4321ab2598be7713cfb [stream]
[debug] [2024-03-23T06:31:53.085Z] <<< [apiv2][status] POST https://upload-firebasehosting.googleapis.com/upload/sites/sky24-icas/versions/6ecb2811d20b29f7/files/220bee47c77d23f478b8703bf897c09ce6789e2fe0ed77749d1e154e253756b9 200
[debug] [2024-03-23T06:31:53.085Z] <<< [apiv2][body] POST https://upload-firebasehosting.googleapis.com/upload/sites/sky24-icas/versions/6ecb2811d20b29f7/files/220bee47c77d23f478b8703bf897c09ce6789e2fe0ed77749d1e154e253756b9 [stream]
[debug] [2024-03-23T06:31:53.096Z] <<< [apiv2][status] POST https://upload-firebasehosting.googleapis.com/upload/sites/sky24-icas/versions/6ecb2811d20b29f7/files/183ecdcf752ea10a74a61d7921452ecceeea21a9e0f23609da47183694c8ae19 200
[debug] [2024-03-23T06:31:53.096Z] <<< [apiv2][body] POST https://upload-firebasehosting.googleapis.com/upload/sites/sky24-icas/versions/6ecb2811d20b29f7/files/183ecdcf752ea10a74a61d7921452ecceeea21a9e0f23609da47183694c8ae19 [stream]
[debug] [2024-03-23T06:31:53.101Z] <<< [apiv2][status] POST https://upload-firebasehosting.googleapis.com/upload/sites/sky24-icas/versions/6ecb2811d20b29f7/files/70a659d6f0ea7b9beb33a617acb7f64353342e06d14310c8f32826cc19d95233 200
[debug] [2024-03-23T06:31:53.102Z] <<< [apiv2][body] POST https://upload-firebasehosting.googleapis.com/upload/sites/sky24-icas/versions/6ecb2811d20b29f7/files/70a659d6f0ea7b9beb33a617acb7f64353342e06d14310c8f32826cc19d95233 [stream]
[debug] [2024-03-23T06:31:53.104Z] <<< [apiv2][status] POST https://upload-firebasehosting.googleapis.com/upload/sites/sky24-icas/versions/6ecb2811d20b29f7/files/99176c771d494dee6e8b9fbe05d74caa2ba3e4766b3d68dac3738ba7c2bc0d1f 200
[debug] [2024-03-23T06:31:53.105Z] <<< [apiv2][body] POST https://upload-firebasehosting.googleapis.com/upload/sites/sky24-icas/versions/6ecb2811d20b29f7/files/99176c771d494dee6e8b9fbe05d74caa2ba3e4766b3d68dac3738ba7c2bc0d1f [stream]
[debug] [2024-03-23T06:31:53.106Z] <<< [apiv2][status] POST https://upload-firebasehosting.googleapis.com/upload/sites/sky24-icas/versions/6ecb2811d20b29f7/files/34257cc7fb0b87d227d1c0bc2065144658065287d911c0ba5a498d702438e589 200
[debug] [2024-03-23T06:31:53.107Z] <<< [apiv2][body] POST https://upload-firebasehosting.googleapis.com/upload/sites/sky24-icas/versions/6ecb2811d20b29f7/files/34257cc7fb0b87d227d1c0bc2065144658065287d911c0ba5a498d702438e589 [stream]
[debug] [2024-03-23T06:31:53.109Z] <<< [apiv2][status] POST https://upload-firebasehosting.googleapis.com/upload/sites/sky24-icas/versions/6ecb2811d20b29f7/files/8d5554b85fff04eb2f2c076ca73484d0b28a0f76ee7ebd06897bb19c731f7e9a 200
[debug] [2024-03-23T06:31:53.109Z] <<< [apiv2][body] POST https://upload-firebasehosting.googleapis.com/upload/sites/sky24-icas/versions/6ecb2811d20b29f7/files/8d5554b85fff04eb2f2c076ca73484d0b28a0f76ee7ebd06897bb19c731f7e9a [stream]
[debug] [2024-03-23T06:31:53.111Z] <<< [apiv2][status] POST https://upload-firebasehosting.googleapis.com/upload/sites/sky24-icas/versions/6ecb2811d20b29f7/files/b9d5d6c1cc92ef38dc47e194e959d1674d0a9a242770e6f969c7ad6e71e36629 200
[debug] [2024-03-23T06:31:53.111Z] <<< [apiv2][body] POST https://upload-firebasehosting.googleapis.com/upload/sites/sky24-icas/versions/6ecb2811d20b29f7/files/b9d5d6c1cc92ef38dc47e194e959d1674d0a9a242770e6f969c7ad6e71e36629 [stream]
[debug] [2024-03-23T06:31:53.112Z] <<< [apiv2][status] POST https://upload-firebasehosting.googleapis.com/upload/sites/sky24-icas/versions/6ecb2811d20b29f7/files/84207fa98fb1a1119d7fa71053999a68a30fd4e80ee959b5e0161ebb568e36a6 200
[debug] [2024-03-23T06:31:53.112Z] <<< [apiv2][body] POST https://upload-firebasehosting.googleapis.com/upload/sites/sky24-icas/versions/6ecb2811d20b29f7/files/84207fa98fb1a1119d7fa71053999a68a30fd4e80ee959b5e0161ebb568e36a6 [stream]
[debug] [2024-03-23T06:31:53.120Z] <<< [apiv2][status] POST https://upload-firebasehosting.googleapis.com/upload/sites/sky24-icas/versions/6ecb2811d20b29f7/files/784dfbb3e55ce09de471893aa66748511a29d031c272bdc30a3b715fbf058987 200
[debug] [2024-03-23T06:31:53.120Z] <<< [apiv2][body] POST https://upload-firebasehosting.googleapis.com/upload/sites/sky24-icas/versions/6ecb2811d20b29f7/files/784dfbb3e55ce09de471893aa66748511a29d031c272bdc30a3b715fbf058987 [stream]
[debug] [2024-03-23T06:31:53.122Z] <<< [apiv2][status] POST https://upload-firebasehosting.googleapis.com/upload/sites/sky24-icas/versions/6ecb2811d20b29f7/files/d9e2849a00c48e1912f4c1305ed43d158ab0006bcb69db001c60c5c8eb80771d 200
[debug] [2024-03-23T06:31:53.122Z] <<< [apiv2][body] POST https://upload-firebasehosting.googleapis.com/upload/sites/sky24-icas/versions/6ecb2811d20b29f7/files/d9e2849a00c48e1912f4c1305ed43d158ab0006bcb69db001c60c5c8eb80771d [stream]
[debug] [2024-03-23T06:31:53.145Z] <<< [apiv2][status] POST https://upload-firebasehosting.googleapis.com/upload/sites/sky24-icas/versions/6ecb2811d20b29f7/files/9399726dfbc01f4f4fbe6c51c0809d1456e3a577ed561749e85af06fab5d3489 200
[debug] [2024-03-23T06:31:53.145Z] <<< [apiv2][body] POST https://upload-firebasehosting.googleapis.com/upload/sites/sky24-icas/versions/6ecb2811d20b29f7/files/9399726dfbc01f4f4fbe6c51c0809d1456e3a577ed561749e85af06fab5d3489 [stream]
[debug] [2024-03-23T06:31:53.164Z] <<< [apiv2][status] POST https://upload-firebasehosting.googleapis.com/upload/sites/sky24-icas/versions/6ecb2811d20b29f7/files/ce5504d7c00ca8fcb5053da79e142a6c73b4976b8c7486d8dd229f8ca5f69b2f 200
[debug] [2024-03-23T06:31:53.164Z] <<< [apiv2][body] POST https://upload-firebasehosting.googleapis.com/upload/sites/sky24-icas/versions/6ecb2811d20b29f7/files/ce5504d7c00ca8fcb5053da79e142a6c73b4976b8c7486d8dd229f8ca5f69b2f [stream]
[debug] [2024-03-23T06:31:53.165Z] <<< [apiv2][status] POST https://upload-firebasehosting.googleapis.com/upload/sites/sky24-icas/versions/6ecb2811d20b29f7/files/37dda71590573b3cdebbfd7da13f8ff2d90e15be3104069b32a2a73818d2380c 200
[debug] [2024-03-23T06:31:53.165Z] <<< [apiv2][body] POST https://upload-firebasehosting.googleapis.com/upload/sites/sky24-icas/versions/6ecb2811d20b29f7/files/37dda71590573b3cdebbfd7da13f8ff2d90e15be3104069b32a2a73818d2380c [stream]
[debug] [2024-03-23T06:31:53.183Z] <<< [apiv2][status] POST https://upload-firebasehosting.googleapis.com/upload/sites/sky24-icas/versions/6ecb2811d20b29f7/files/fd89aefd940e5ae58009faf42aa5c85a6ce36767ab2654c386d5544f6f85fe92 200
[debug] [2024-03-23T06:31:53.183Z] <<< [apiv2][body] POST https://upload-firebasehosting.googleapis.com/upload/sites/sky24-icas/versions/6ecb2811d20b29f7/files/fd89aefd940e5ae58009faf42aa5c85a6ce36767ab2654c386d5544f6f85fe92 [stream]
[debug] [2024-03-23T06:31:53.206Z] <<< [apiv2][status] POST https://upload-firebasehosting.googleapis.com/upload/sites/sky24-icas/versions/6ecb2811d20b29f7/files/dd62740e7aab99de874464a061a803dbc7bcd3555ce2880b997dbab49f94cddb 200
[debug] [2024-03-23T06:31:53.206Z] <<< [apiv2][body] POST https://upload-firebasehosting.googleapis.com/upload/sites/sky24-icas/versions/6ecb2811d20b29f7/files/dd62740e7aab99de874464a061a803dbc7bcd3555ce2880b997dbab49f94cddb [stream]
